Arguments: 
  /Users/pekala/.nvm/versions/node/v10.15.3/bin/node /Users/pekala/.yarn/bin/yarn.js init

PATH: 
  /Users/pekala/.yarn/bin:/Users/pekala/.config/yarn/global/node_modules/.bin:/Users/pekala/.nvm/versions/node/v10.15.3/bin:/usr/local/bin:/usr/bin:/bin:/usr/sbin:/sbin:/usr/local/MacGPG2/bin:/Users/pekala/.yarn/bin:/Users/pekala/.config/yarn/global/node_modules/.bin:/Users/pekala/.nvm/versions/node/v10.15.3/bin:/Users/pekala/golang/bin:/usr/local/opt/go/libexec/bin:/Users/pekala/golang/bin:/usr/local/opt/go/libexec/bin

Yarn version: 
  1.17.3

Node version: 
  10.15.3

Platform: 
  darwin x64

Trace: 
  Error: canceled
      at Interface.<anonymous> (/Users/pekala/.yarn/lib/cli.js:136724:13)
      at Interface.emit (events.js:189:13)
      at Interface._ttyWrite (readline.js:783:16)
      at ReadStream.onkeypress (readline.js:168:10)
      at ReadStream.emit (events.js:189:13)
      at emitKeys (internal/readline.js:424:14)
      at emitKeys.next (<anonymous>)
      at ReadStream.onData (readline.js:1022:36)
      at ReadStream.emit (events.js:189:13)
      at addChunk (_stream_readable.js:284:12)

npm manifest: 
  No manifest

yarn manifest: 
  No manifest

Lockfile: 
  No lockfile
